Starting new HTTPS connection (1): api.spotify.com:443
https://api.spotify.com:443 "GET /v1/me/player/currently-playing HTTP/1.1" 401 None
Starting new HTTPS connection (1): api.spotify.com:443
https://api.spotify.com:443 "GET /v1/me/player/currently-playing HTTP/1.1" 401 None
Starting new HTTPS connection (1): api.spotify.com:443
https://api.spotify.com:443 "GET /v1/me/player/currently-playing HTTP/1.1" 401 None
Starting new HTTPS connection (1): api.spotify.com:443
https://api.spotify.com:443 "GET /v1/me/player/currently-playing HTTP/1.1" 401 None
Starting new HTTPS connection (1): api.spotify.com:443
https://api.spotify.com:443 "GET /v1/me/player/currently-playing HTTP/1.1" 401 None
Starting new HTTPS connection (1): api.spotify.com:443
https://api.spotify.com:443 "GET /v1/me/player/currently-playing HTTP/1.1" 401 None
Starting new HTTPS connection (1): api.spotify.com:443
https://api.spotify.com:443 "GET /v1/me/player/currently-playing HTTP/1.1" 401 None
Starting new HTTPS connection (1): api.spotify.com:443
https://api.spotify.com:443 "GET /v1/me/player/currently-playing HTTP/1.1" 401 None
Starting new HTTPS connection (1): api.spotify.com:443
https://api.spotify.com:443 "GET /v1/me/player/currently-playing HTTP/1.1" 401 None
Starting new HTTPS connection (1): accounts.spotify.com:443
https://accounts.spotify.com:443 "POST /api/token HTTP/1.1" 200 None
Internal Server Error: /spotify/is-auth/
Traceback (most recent call last):
  File "C:\Users\Sebele\Documents\Web Developement\House-Party-Fullstack-practice\venv\lib\site-packages\django\db\backends\utils.py", line 84, in _execute
    return self.cursor.execute(sql, params)
  File "C:\Users\Sebele\Documents\Web Developement\House-Party-Fullstack-practice\venv\lib\site-packages\django\db\backends\sqlite3\base.py", line 423, in execute
    return Database.Cursor.execute(self, query, params)
sqlite3.IntegrityError: NOT NULL constraint failed: spotify_spotifytoken.refresh_token

The above exception was the direct cause of the following exception:

Traceback (most recent call last):
  File "C:\Users\Sebele\Documents\Web Developement\House-Party-Fullstack-practice\venv\lib\site-packages\django\core\handlers\exception.py", line 47, in inner
    response = get_response(request)
  File "C:\Users\Sebele\Documents\Web Developement\House-Party-Fullstack-practice\venv\lib\site-packages\django\core\handlers\base.py", line 181, in _get_response
    response = wrapped_callback(request, *callback_args, **callback_kwargs)
  File "C:\Users\Sebele\Documents\Web Developement\House-Party-Fullstack-practice\venv\lib\site-packages\django\views\decorators\csrf.py", line 54, in wrapped_view
    return view_func(*args, **kwargs)
  File "C:\Users\Sebele\Documents\Web Developement\House-Party-Fullstack-practice\venv\lib\site-packages\django\views\generic\base.py", line 70, in view
    return self.dispatch(request, *args, **kwargs)
  File "C:\Users\Sebele\Documents\Web Developement\House-Party-Fullstack-practice\venv\lib\site-packages\rest_framework\views.py", line 509, in dispatch
    response = self.handle_exception(exc)
  File "C:\Users\Sebele\Documents\Web Developement\House-Party-Fullstack-practice\venv\lib\site-packages\rest_framework\views.py", line 469, in handle_exception
    self.raise_uncaught_exception(exc)
  File "C:\Users\Sebele\Documents\Web Developement\House-Party-Fullstack-practice\venv\lib\site-packages\rest_framework\views.py", line 480, in raise_uncaught_exception
    raise exc
  File "C:\Users\Sebele\Documents\Web Developement\House-Party-Fullstack-practice\venv\lib\site-packages\rest_framework\views.py", line 506, in dispatch
    response = handler(request, *args, **kwargs)
  File "C:\Users\Sebele\Documents\Web Developement\House-Party-Fullstack-practice\music_controller\spotify\views.py", line 63, in get
    is_auth = check_auth(self.request.session.session_key)
  File "C:\Users\Sebele\Documents\Web Developement\House-Party-Fullstack-practice\music_controller\spotify\util.py", line 44, in check_auth
    refresh(session_id)
  File "C:\Users\Sebele\Documents\Web Developement\House-Party-Fullstack-practice\music_controller\spotify\util.py", line 64, in refresh
    crud_tokens(
  File "C:\Users\Sebele\Documents\Web Developement\House-Party-Fullstack-practice\music_controller\spotify\util.py", line 31, in crud_tokens
    tokens.save(update_fields=['access_token',
  File "C:\Users\Sebele\Documents\Web Developement\House-Party-Fullstack-practice\venv\lib\site-packages\django\db\models\base.py", line 726, in save
    self.save_base(using=using, force_insert=force_insert,
  File "C:\Users\Sebele\Documents\Web Developement\House-Party-Fullstack-practice\venv\lib\site-packages\django\db\models\base.py", line 763, in save_base
    updated = self._save_table(
  File "C:\Users\Sebele\Documents\Web Developement\House-Party-Fullstack-practice\venv\lib\site-packages\django\db\models\base.py", line 845, in _save_table
    updated = self._do_update(base_qs, using, pk_val, values, update_fields,
  File "C:\Users\Sebele\Documents\Web Developement\House-Party-Fullstack-practice\venv\lib\site-packages\django\db\models\base.py", line 899, in _do_update
    return filtered._update(values) > 0
  File "C:\Users\Sebele\Documents\Web Developement\House-Party-Fullstack-practice\venv\lib\site-packages\django\db\models\query.py", line 802, in _update
    return query.get_compiler(self.db).execute_sql(CURSOR)
  File "C:\Users\Sebele\Documents\Web Developement\House-Party-Fullstack-practice\venv\lib\site-packages\django\db\models\sql\compiler.py", line 1559, in execute_sql
    cursor = super().execute_sql(result_type)
  File "C:\Users\Sebele\Documents\Web Developement\House-Party-Fullstack-practice\venv\lib\site-packages\django\db\models\sql\compiler.py", line 1175, in execute_sql
    cursor.execute(sql, params)
  File "C:\Users\Sebele\Documents\Web Developement\House-Party-Fullstack-practice\venv\lib\site-packages\django\db\backends\utils.py", line 98, in execute
    return super().execute(sql, params)
  File "C:\Users\Sebele\Documents\Web Developement\House-Party-Fullstack-practice\venv\lib\site-packages\django\db\backends\utils.py", line 66, in execute
    return self._execute_with_wrappers(sql, params, many=False, executor=self._execute)
  File "C:\Users\Sebele\Documents\Web Developement\House-Party-Fullstack-practice\venv\lib\site-packages\django\db\backends\utils.py", line 75, in _execute_with_wrappers
    return executor(sql, params, many, context)
  File "C:\Users\Sebele\Documents\Web Developement\House-Party-Fullstack-practice\venv\lib\site-packages\django\db\backends\utils.py", line 84, in _execute
    return self.cursor.execute(sql, params)
  File "C:\Users\Sebele\Documents\Web Developement\House-Party-Fullstack-practice\venv\lib\site-packages\django\db\utils.py", line 90, in __exit__
    raise dj_exc_value.with_traceback(traceback) from exc_value
  File "C:\Users\Sebele\Documents\Web Developement\House-Party-Fullstack-practice\venv\lib\site-packages\django\db\backends\utils.py", line 84, in _execute
    return self.cursor.execute(sql, params)
  File "C:\Users\Sebele\Documents\Web Developement\House-Party-Fullstack-practice\venv\lib\site-packages\django\db\backends\sqlite3\base.py", line 423, in execute
    return Database.Cursor.execute(self, query, params)
django.db.utils.IntegrityError: NOT NULL constraint failed: spotify_spotifytoken.refresh_token
Starting new HTTPS connection (1): api.spotify.com:443
https://api.spotify.com:443 "GET /v1/me/player/currently-playing HTTP/1.1" 401 None
Starting new HTTPS connection (1): api.spotify.com:443
https://api.spotify.com:443 "GET /v1/me/player/currently-playing HTTP/1.1" 401 None
Starting new HTTPS connection (1): api.spotify.com:443
https://api.spotify.com:443 "GET /v1/me/player/currently-playing HTTP/1.1" 401 None
Starting new HTTPS connection (1): api.spotify.com:443
https://api.spotify.com:443 "GET /v1/me/player/currently-playing HTTP/1.1" 401 None
Starting new HTTPS connection (1): api.spotify.com:443
https://api.spotify.com:443 "GET /v1/me/player/currently-playing HTTP/1.1" 401 None
Starting new HTTPS connection (1): api.spotify.com:443
https://api.spotify.com:443 "GET /v1/me/player/currently-playing HTTP/1.1" 401 None
Starting new HTTPS connection (1): api.spotify.com:443
https://api.spotify.com:443 "GET /v1/me/player/currently-playing HTTP/1.1" 401 None
Starting new HTTPS connection (1): api.spotify.com:443
https://api.spotify.com:443 "GET /v1/me/player/currently-playing HTTP/1.1" 401 None
Starting new HTTPS connection (1): api.spotify.com:443
https://api.spotify.com:443 "GET /v1/me/player/currently-playing HTTP/1.1" 401 None
Starting new HTTPS connection (1): api.spotify.com:443
https://api.spotify.com:443 "GET /v1/me/player/currently-playing HTTP/1.1" 401 None
Starting new HTTPS connection (1): api.spotify.com:443
https://api.spotify.com:443 "GET /v1/me/player/currently-playing HTTP/1.1" 401 None
Starting new HTTPS connection (1): api.spotify.com:443
https://api.spotify.com:443 "GET /v1/me/player/currently-playing HTTP/1.1" 401 None
Starting new HTTPS connection (1): api.spotify.com:443
https://api.spotify.com:443 "GET /v1/me/player/currently-playing HTTP/1.1" 401 None
Starting new HTTPS connection (1): api.spotify.com:443
https://api.spotify.com:443 "GET /v1/me/player/currently-playing HTTP/1.1" 401 None
Starting new HTTPS connection (1): api.spotify.com:443
https://api.spotify.com:443 "GET /v1/me/player/currently-playing HTTP/1.1" 401 None
Starting new HTTPS connection (1): api.spotify.com:443
https://api.spotify.com:443 "GET /v1/me/player/currently-playing HTTP/1.1" 401 None
Starting new HTTPS connection (1): api.spotify.com:443
https://api.spotify.com:443 "GET /v1/me/player/currently-playing HTTP/1.1" 401 None
Starting new HTTPS connection (1): api.spotify.com:443
https://api.spotify.com:443 "GET /v1/me/player/currently-playing HTTP/1.1" 401 None
Starting new HTTPS connection (1): api.spotify.com:443
https://api.spotify.com:443 "GET /v1/me/player/currently-playing HTTP/1.1" 401 None
Starting new HTTPS connection (1): api.spotify.com:443
https://api.spotify.com:443 "GET /v1/me/player/currently-playing HTTP/1.1" 401 None
Starting new HTTPS connection (1): api.spotify.com:443
https://api.spotify.com:443 "GET /v1/me/player/currently-playing HTTP/1.1" 401 None
Starting new HTTPS connection (1): api.spotify.com:443
https://api.spotify.com:443 "GET /v1/me/player/currently-playing HTTP/1.1" 401 None
Starting new HTTPS connection (1): api.spotify.com:443
https://api.spotify.com:443 "GET /v1/me/player/currently-playing HTTP/1.1" 401 None
Starting new HTTPS connection (1): api.spotify.com:443
https://api.spotify.com:443 "GET /v1/me/player/currently-playing HTTP/1.1" 401 None
Starting new HTTPS connection (1): api.spotify.com:443
https://api.spotify.com:443 "GET /v1/me/player/currently-playing HTTP/1.1" 401 None
Starting new HTTPS connection (1): api.spotify.com:443
https://api.spotify.com:443 "GET /v1/me/player/currently-playing HTTP/1.1" 401 None
Starting new HTTPS connection (1): api.spotify.com:443
https://api.spotify.com:443 "GET /v1/me/player/currently-playing HTTP/1.1" 401 None
Starting new HTTPS connection (1): api.spotify.com:443
https://api.spotify.com:443 "GET /v1/me/player/currently-playing HTTP/1.1" 401 None
Starting new HTTPS connection (1): api.spotify.com:443
https://api.spotify.com:443 "GET /v1/me/player/currently-playing HTTP/1.1" 401 None
Starting new HTTPS connection (1): api.spotify.com:443
https://api.spotify.com:443 "GET /v1/me/player/currently-playing HTTP/1.1" 401 None
Starting new HTTPS connection (1): api.spotify.com:443
https://api.spotify.com:443 "GET /v1/me/player/currently-playing HTTP/1.1" 401 None
Starting new HTTPS connection (1): api.spotify.com:443
https://api.spotify.com:443 "GET /v1/me/player/currently-playing HTTP/1.1" 401 None
Starting new HTTPS connection (1): api.spotify.com:443
https://api.spotify.com:443 "GET /v1/me/player/currently-playing HTTP/1.1" 401 None
Starting new HTTPS connection (1): api.spotify.com:443
https://api.spotify.com:443 "GET /v1/me/player/currently-playing HTTP/1.1" 401 None
Starting new HTTPS connection (1): api.spotify.com:443
https://api.spotify.com:443 "GET /v1/me/player/currently-playing HTTP/1.1" 401 None
Starting new HTTPS connection (1): api.spotify.com:443
https://api.spotify.com:443 "GET /v1/me/player/currently-playing HTTP/1.1" 401 None
Starting new HTTPS connection (1): api.spotify.com:443
https://api.spotify.com:443 "GET /v1/me/player/currently-playing HTTP/1.1" 401 None
Starting new HTTPS connection (1): api.spotify.com:443
https://api.spotify.com:443 "GET /v1/me/player/currently-playing HTTP/1.1" 401 None
Starting new HTTPS connection (1): api.spotify.com:443
https://api.spotify.com:443 "GET /v1/me/player/currently-playing HTTP/1.1" 401 None
C:\Users\Sebele\Documents\Web Developement\House-Party-Fullstack-practice\music_controller\music_controller\settings.py changed, reloading.
Using proactor: IocpProactor
Watching for file changes with StatReloader
C:\Users\Sebele\Documents\Web Developement\House-Party-Fullstack-practice\music_controller\music_controller\settings.py changed, reloading.
@@@@@@@@@@@@@@@@@@@@@@@@@@@@@@@@@@@@@@@@@@@@@@
@@@@@@@@@@@@@@@@@@@@@@@@@@@@@@@@@@@@@@@@@@@@@@
Using proactor: IocpProactor
@@@@@@@@@@@@@@@@@@@@@@@@@@@@@@@@@@@@@@@@@@@@@@
@@@@@@@@@@@@@@@@@@@@@@@@@@@@@@@@@@@@@@@@@@@@@@
